<?xml version="1.0" encoding="UTF-8"?>
<testng-results skipped="0" failed="0" ignored="0" total="1" passed="1">
  <reporter-output>
    <line>
      <![CDATA[Login TestCase Pass---]]>
    </line>
    <line>
      <![CDATA[CreatePurChaseRequest TESTCASE is PASSED--]]>
    </line>
  </reporter-output>
  <suite name="Default suite" duration-ms="78127" started-at="2020-09-22T06:55:51Z" finished-at="2020-09-22T06:57:09Z">
    <groups>
    </groups>
    <test name="Default test" duration-ms="78127" started-at="2020-09-22T06:55:51Z" finished-at="2020-09-22T06:57:09Z">
      <class name="com.qa.rcs.traxx.TestScripts.CreatePurchaseRequestTS">
        <test-method status="PASS" signature="initialization()[pri:0, instance:com.qa.rcs.traxx.TestScripts.CreatePurchaseRequestTS@6ee52dcd]" name="initialization" is-config="true" duration-ms="38485" started-at="2020-09-22T06:55:51Z" finished-at="2020-09-22T06:56:29Z">
          <reporter-output>
            <line>
              <![CDATA[Login TestCase Pass---]]>
            </line>
          </reporter-output>
        </test-method> <!-- initialization -->
        <test-method status="PASS" signature="createPurchaseRequestTestCase()[pri:0, instance:com.qa.rcs.traxx.TestScripts.CreatePurchaseRequestTS@6ee52dcd]" name="createPurchaseRequestTestCase" duration-ms="32261" started-at="2020-09-22T06:56:29Z" finished-at="2020-09-22T06:57:02Z">
          <reporter-output>
            <line>
              <![CDATA[CreatePurChaseRequest TESTCASE is PASSED--]]>
            </line>
          </reporter-output>
        </test-method> <!-- createPurchaseRequestTestCase -->
        <test-method status="PASS" signature="teardown()[pri:0, instance:com.qa.rcs.traxx.TestScripts.CreatePurchaseRequestTS@6ee52dcd]" name="teardown" is-config="true" duration-ms="7338" started-at="2020-09-22T06:57:02Z" finished-at="2020-09-22T06:57:09Z">
          <reporter-output>
          </reporter-output>
        </test-method> <!-- teardown -->
      </class> <!-- com.qa.rcs.traxx.TestScripts.CreatePurchaseRequestTS -->
    </test> <!-- Default test -->
  </suite> <!-- Default suite -->
</testng-results>
