<?xml version="1.0" encoding="UTF-8"?>
<testng-results skipped="0" failed="0" ignored="0" total="1" passed="1">
  <reporter-output>
    <line>
      <![CDATA[Login TestCase Pass---]]>
    </line>
  </reporter-output>
  <suite name="Default suite" duration-ms="60112" started-at="2020-09-14T06:41:11Z" finished-at="2020-09-14T06:42:12Z">
    <groups>
    </groups>
    <test name="Default test" duration-ms="60112" started-at="2020-09-14T06:41:11Z" finished-at="2020-09-14T06:42:12Z">
      <class name="com.qa.rcs.traxx.TestScripts.CreatePurchaseRequestTS">
        <test-method status="PASS" signature="initialization()[pri:0, instance:com.qa.rcs.traxx.TestScripts.CreatePurchaseRequestTS@69a3d1d]" name="initialization" is-config="true" duration-ms="46627" started-at="2020-09-14T06:41:11Z" finished-at="2020-09-14T06:41:58Z">
          <reporter-output>
            <line>
              <![CDATA[Login TestCase Pass---]]>
            </line>
          </reporter-output>
        </test-method> <!-- initialization -->
        <test-method status="PASS" signature="createPurchaseRequestTestCase()[pri:0, instance:com.qa.rcs.traxx.TestScripts.CreatePurchaseRequestTS@69a3d1d]" name="createPurchaseRequestTestCase" duration-ms="12409" started-at="2020-09-14T06:41:58Z" finished-at="2020-09-14T06:42:11Z">
          <reporter-output>
          </reporter-output>
        </test-method> <!-- createPurchaseRequestTestCase -->
        <test-method status="PASS" signature="teardown()[pri:0, instance:com.qa.rcs.traxx.TestScripts.CreatePurchaseRequestTS@69a3d1d]" name="teardown" is-config="true" duration-ms="1030" started-at="2020-09-14T06:42:11Z" finished-at="2020-09-14T06:42:12Z">
          <reporter-output>
          </reporter-output>
        </test-method> <!-- teardown -->
        <test-method status="PASS" signature="autoReport_MailTrigger()[pri:0, instance:com.qa.rcs.traxx.TestScripts.CreatePurchaseRequestTS@69a3d1d]" name="autoReport_MailTrigger" is-config="true" duration-ms="1254" started-at="2020-09-14T06:42:12Z" finished-at="2020-09-14T06:42:13Z">
          <reporter-output>
          </reporter-output>
        </test-method> <!-- autoReport_MailTrigger -->
      </class> <!-- com.qa.rcs.traxx.TestScripts.CreatePurchaseRequestTS -->
    </test> <!-- Default test -->
  </suite> <!-- Default suite -->
</testng-results>
